Поисковый запрос: АВГУСТ
Найдено документов: 55
Рейтинг | Документ | URL
------------------------
0.126679 | 4 | https://ru.wikipedia.org/wiki/Noize_MC
0.084158 | 37 | https://ru.wikipedia.org/wiki/%D0%A0%D0%A2%D0%A0
0.082397 | 38 | https://ru.wikipedia.org/wiki/1951_%D0%B3%D0%BE%D0%B4
0.067026 | 70 | https://ru.wikipedia.org/wiki/%D0%98%D0%BD%D1%86%D0%B8%D0%B4%D0%B5%D0%BD%D1%82_%D1%81_%D0%B0%D1%80%D0%B3%D0%B5%D0%BD%D1%82%D0%B8%D0%BD%D1%81%D0%BA%D0%B8%D0%BC_CL-44
0.061410 | 35 | https://ru.wikipedia.org/wiki/1836_%D0%B3%D0%BE%D0%B4
0.054078 | 32 | https://ru.wikipedia.org/wiki/%D0%93%D0%BE%D0%BB%D0%B4%D1%81%D1%82%D0%B8%D0%BD,_%D0%91%D1%80%D0%B5%D1%82%D1%82
0.045323 | 53 | https://ru.wikipedia.org/wiki/1852_%D0%B3%D0%BE%D0%B4
0.043321 | 66 | https://ru.wikipedia.org/wiki/%D0%A1%D0%A2%D0%A1_International
0.043295 | 54 | https://ru.wikipedia.org/wiki/%D0%A1%D0%A1%D0%A1%D0%A0
0.040580 | 60 | https://ru.wikipedia.org/wiki/%D0%90%D0%B2%D0%B4%D0%B5%D0%B5%D0%B2,_%D0%90%D0%BD%D1%82%D0%BE%D0%BD_%D0%A1%D0%B5%D1%80%D0%B3%D0%B5%D0%B5%D0%B2%D0%B8%D1%87
0.039650 | 40 | https://ru.wikipedia.org/wiki/%D0%A0%D0%B0%D0%B7%D1%83%D0%BC%D0%BE%D0%B2%D1%81%D0%BA%D0%B0%D1%8F,_%D0%9A%D0%B0%D1%80%D0%B8%D0%BD%D0%B0_%D0%92%D0%BB%D0%B0%D0%B4%D0%B8%D0%BC%D0%B8%D1%80%D0%BE%D0%B2%D0%BD%D0%B0
0.039510 | 18 | https://ru.wikipedia.org/wiki/%D0%9C%D0%B0%D0%BA%D0%B0%D1%80%D0%B5%D0%B2%D0%B8%D1%87,_%D0%90%D0%BD%D0%B4%D1%80%D0%B5%D0%B9_%D0%92%D0%B0%D0%B4%D0%B8%D0%BC%D0%BE%D0%B2%D0%B8%D1%87
0.030946 | 25 | https://ru.wikipedia.org/wiki/1840_%D0%B3%D0%BE%D0%B4
0.029925 | 6 | https://ru.wikipedia.org/wiki/InterMedia
0.029913 | 26 | https://ru.wikipedia.org/wiki/Intermedia.ru
0.029912 | 12 | https://ru.wikipedia.org/wiki/%D0%9F%D0%BE%D0%BB%D0%BE%D0%B7%D0%BA%D0%BE%D0%B2%D0%B0,_%D0%92%D0%B5%D1%80%D0%B0_%D0%9D%D0%B8%D0%BA%D0%BE%D0%BB%D0%B0%D0%B5%D0%B2%D0%BD%D0%B0
0.029653 | 68 | https://ru.wikipedia.org/wiki/%D0%A4%D0%B5%D0%B4%D0%B5%D1%80%D0%B0%D0%BB%D1%8C%D0%BD%D0%B0%D1%8F_%D1%81%D0%BB%D1%83%D0%B6%D0%B1%D0%B0_%D0%BF%D0%BE_%D0%BD%D0%B0%D0%B4%D0%B7%D0%BE%D1%80%D1%83_%D0%B2_%D1%81%D1%84%D0%B5%D1%80%D0%B5_%D1%81%D0%B2%D1%8F%D0%B7%D0%B8,_%D0%B8%D0%BD%D1%84%D0%BE%D1%80%D0%BC%D0%B0%D1%86%D0%B8%D0%BE%D0%BD%D0%BD%D1%8B%D1%85_%D1%82%D0%B5%D1%85%D0%BD%D0%BE%D0%BB%D0%BE%D0%B3%D0%B8%D0%B9_%D0%B8_%D0%BC%D0%B0%D1%81%D1%81%D0%BE%D0%B2%D1%8B%D1%85_%D0%BA%D0%BE%D0%BC%D0%BC%D1%83%D0%BD%D0%B8%D0%BA%D0%B0%D1%86%D0%B8%D0%B9
0.029407 | 90 | https://ru.wikipedia.org/wiki/%D0%A3%D0%BA%D1%80%D0%B0%D0%B8%D0%BD%D1%81%D0%BA%D0%B0%D1%8F_%D0%BF%D1%80%D0%B0%D0%B2%D0%B4%D0%B0
0.028737 | 7 | https://ru.wikipedia.org/wiki/%D0%91%D0%B5%D0%BB%D0%B3%D0%BE%D1%80%D0%BE%D0%B4
0.027783 | 59 | https://ru.wikipedia.org/wiki/%D0%90%D1%84%D0%B3%D0%B0%D0%BD%D1%81%D0%BA%D0%B0%D1%8F_%D0%B2%D0%BE%D0%B9%D0%BD%D0%B0_(1979%E2%80%941989)
0.022447 | 83 | https://ru.wikipedia.org/wiki/%D0%9C%D0%B5%D0%BD%D1%8C%D1%88%D0%B8%D0%BD%D1%81%D1%82%D0%B2%D0%BE
0.022383 | 80 | https://ru.wikipedia.org/wiki/%D0%91%D1%8B%D1%85%D0%BE%D0%B2
0.022255 | 84 | https://ru.wikipedia.org/wiki/%D0%9A%D0%B8%D1%81%D0%B5%D0%BB%D1%91%D0%B2,_%D0%94%D0%BC%D0%B8%D1%82%D1%80%D0%B8%D0%B9_%D0%9A%D0%BE%D0%BD%D1%81%D1%82%D0%B0%D0%BD%D1%82%D0%B8%D0%BD%D0%BE%D0%B2%D0%B8%D1%87
0.020976 | 49 | https://ru.wikipedia.org/wiki/%D0%9C%D0%BE%D1%81%D0%BA%D0%BE%D0%B2%D1%81%D0%BA%D0%B8%D0%B9_%D0%BF%D0%B5%D0%B4%D0%B0%D0%B3%D0%BE%D0%B3%D0%B8%D1%87%D0%B5%D1%81%D0%BA%D0%B8%D0%B9_%D0%B3%D0%BE%D1%81%D1%83%D0%B4%D0%B0%D1%80%D1%81%D1%82%D0%B2%D0%B5%D0%BD%D0%BD%D1%8B%D0%B9_%D1%83%D0%BD%D0%B8%D0%B2%D0%B5%D1%80%D1%81%D0%B8%D1%82%D0%B5%D1%82
0.020664 | 9 | https://ru.wikipedia.org/wiki/%D0%A8%D0%BA%D0%BE%D0%BB%D1%8C%D0%BD%D0%B0%D1%8F_%D0%BC%D0%B5%D0%B4%D0%B0%D0%BB%D1%8C
0.019034 | 81 | https://ru.wikipedia.org/wiki/%D0%97%D0%B0%D0%BF%D0%B0%D0%B4%D0%BD%D0%B0%D1%8F_%D0%A3%D0%BA%D1%80%D0%B0%D0%B8%D0%BD%D0%B0
0.018444 | 41 | https://ru.wikipedia.org/wiki/%D0%9F%D0%BE%D0%BB%D0%BE%D1%81%D0%B0%D1%82%D0%BE%D0%B5_%D1%81%D1%87%D0%B0%D1%81%D1%82%D1%8C%D0%B5_(%D1%82%D0%B5%D0%BB%D0%B5%D1%81%D0%B5%D1%80%D0%B8%D0%B0%D0%BB)
0.015540 | 99 | https://ru.wikipedia.org/wiki/%D0%A3%D1%80%D0%B0%D0%BD_(%D1%8D%D0%BB%D0%B5%D0%BC%D0%B5%D0%BD%D1%82)
0.014680 | 72 | https://ru.wikipedia.org/wiki/%D0%91%D0%BB%D0%B0%D0%B2%D0%B0%D1%82%D1%81%D0%BA%D0%B0%D1%8F,_%D0%95%D0%BB%D0%B5%D0%BD%D0%B0_%D0%9F%D0%B5%D1%82%D1%80%D0%BE%D0%B2%D0%BD%D0%B0
0.014515 | 96 | https://ru.wikipedia.org/wiki/%D0%9A%D1%8D%D1%82%D1%82,_%D0%9A%D0%B5%D1%80%D1%80%D0%B8_%D0%A7%D0%B0%D0%BF%D0%BC%D0%B5%D0%BD
0.012932 | 43 | https://ru.wikipedia.org/wiki/%D0%9F%D1%80%D0%B5%D0%BC%D0%B8%D1%8F_%D0%90%D1%81%D1%81%D0%BE%D1%86%D0%B8%D0%B0%D1%86%D0%B8%D0%B8_%D1%82%D0%B5%D0%BB%D0%B5%D0%B2%D0%B8%D0%B7%D0%B8%D0%BE%D0%BD%D0%BD%D1%8B%D1%85_%D0%BA%D1%80%D0%B8%D1%82%D0%B8%D0%BA%D0%BE%D0%B2_%D0%B7%D0%B0_%D0%BB%D0%B8%D1%87%D0%BD%D1%8B%D0%B5_%D0%B4%D0%BE%D1%81%D1%82%D0%B8%D0%B6%D0%B5%D0%BD%D0%B8%D1%8F_%D0%B2_%D0%BA%D0%BE%D0%BC%D0%B5%D0%B4%D0%B8%D0%B8
0.012871 | 58 | https://ru.wikipedia.org/wiki/%D0%9D%D0%B5%D0%BC%D0%B5%D1%86%D0%BA%D0%B8%D0%B9_%D1%8F%D0%B7%D1%8B%D0%BA
0.011224 | 31 | https://ru.wikipedia.org/wiki/%D0%91%D0%B5%D0%BD%D1%83%D0%B0,_%D0%90%D0%BB%D0%B5%D0%BD_%D0%B4%D0%B5
0.009962 | 89 | https://ru.wikipedia.org/wiki/1537
0.009572 | 42 | https://ru.wikipedia.org/wiki/%D0%A0%D0%BE%D1%81%D1%81%D0%B8%D0%B9%D1%81%D0%BA%D0%B8%D0%B9_%D1%8D%D0%BA%D0%BE%D0%BD%D0%BE%D0%BC%D0%B8%D1%87%D0%B5%D1%81%D0%BA%D0%B8%D0%B9_%D1%83%D0%BD%D0%B8%D0%B2%D0%B5%D1%80%D1%81%D0%B8%D1%82%D0%B5%D1%82_%D0%B8%D0%BC%D0%B5%D0%BD%D0%B8_%D0%93._%D0%92._%D0%9F%D0%BB%D0%B5%D1%85%D0%B0%D0%BD%D0%BE%D0%B2%D0%B0
0.009300 | 98 | https://ru.wikipedia.org/wiki/%D0%90%D0%B3%D0%B0%D0%B4%D0%B8%D0%BB%D0%BE%D0%B2%D0%B0,_%D0%90%D0%BB%D0%B8%D1%8F_%D0%91%D0%B5%D0%BA%D0%B1%D0%BE%D0%BB%D0%B0%D1%82%D0%BE%D0%B2%D0%BD%D0%B0
0.009269 | 46 | https://ru.wikipedia.org/wiki/%D0%94%D0%B5%D0%B2%D1%81%D1%82%D0%B2%D0%B5%D0%BD%D0%BD%D0%B8%D1%86%D0%B0_%D0%94%D0%B6%D0%B5%D0%B9%D0%BD
0.009161 | 45 | https://ru.wikipedia.org/wiki/%D0%9F%D1%80%D0%B5%D0%BC%D0%B8%D1%8F_%D0%90%D1%81%D1%81%D0%BE%D1%86%D0%B8%D0%B0%D1%86%D0%B8%D0%B8_%D1%82%D0%B5%D0%BB%D0%B5%D0%B2%D0%B8%D0%B7%D0%B8%D0%BE%D0%BD%D0%BD%D1%8B%D1%85_%D0%BA%D1%80%D0%B8%D1%82%D0%B8%D0%BA%D0%BE%D0%B2_%D0%B7%D0%B0_%D0%B2%D1%8B%D0%B4%D0%B0%D1%8E%D1%89%D0%B8%D0%B5%D1%81%D1%8F_%D0%B4%D0%BE%D1%81%D1%82%D0%B8%D0%B6%D0%B5%D0%BD%D0%B8%D1%8F_%D0%B2_%D0%B4%D1%80%D0%B0%D0%BC%D0%B5
0.008905 | 63 | https://ru.wikipedia.org/wiki/%D0%90%D0%B4%D0%B4%D0%B0%D0%BC%D1%81,_%D0%94%D0%B6%D0%B5%D0%B9%D0%BD
0.008865 | 69 | https://ru.wikipedia.org/wiki/%D0%92%D0%B5%D1%81%D1%82%D0%B8.%D1%80%D1%83
0.008730 | 44 | https://ru.wikipedia.org/wiki/%D0%93%D0%BB%D0%B5%D0%BD%D0%BD_%D0%A1%D0%B8%D0%B1%D0%BE%D1%80%D0%B3
0.007847 | 100 | https://ru.wikipedia.org/wiki/%D0%9D%D0%B8%D0%BA%D1%81%D0%BE%D0%BD_(%D1%84%D0%B8%D0%BB%D1%8C%D0%BC)
0.007389 | 88 | https://ru.wikipedia.org/wiki/%D0%91%D0%B0%D0%BA%D0%B0%D0%BB%D0%B0%D0%B2%D1%80
0.006697 | 30 | https://ru.wikipedia.org/wiki/%D0%9F%D0%B8%D1%80%D1%81,_%D0%94%D1%8D%D0%B2%D0%B8%D0%B4_%D0%A5%D0%B0%D0%B9%D0%B4
0.006664 | 87 | https://ru.wikipedia.org/wiki/%D0%9F%D1%8F%D1%80%D1%82,_%D0%90%D1%80%D0%B2%D0%BE_%D0%90%D0%B2%D0%B3%D1%83%D1%81%D1%82%D0%BE%D0%B2%D0%B8%D1%87
0.006226 | 52 | https://ru.wikipedia.org/wiki/%D0%90%D0%BB%D0%B5%D0%BA%D1%81%D0%B0%D0%BD%D0%B4%D1%80_%D0%92%D0%BB%D0%B0%D0%B4%D0%B8%D0%BC%D0%B8%D1%80%D0%BE%D0%B2%D0%B8%D1%87_%D0%98%D0%B2%D0%B0%D0%BD%D0%B8%D1%86%D0%BA%D0%B8%D0%B9
0.006071 | 51 | https://ru.wikipedia.org/wiki/VPN
0.005675 | 21 | https://ru.wikipedia.org/wiki/21_%D0%BC%D0%B0%D1%8F
0.004916 | 86 | https://ru.wikipedia.org/wiki/%D0%90%D0%BD%D0%B4%D1%80%D1%83%D1%81%D0%B5%D0%BD%D0%BA%D0%BE,_%D0%A1%D1%82%D0%B5%D1%84%D0%B0%D0%BD_%D0%90%D0%BD%D0%B0%D0%BD%D1%8C%D0%B5%D0%B2%D0%B8%D1%87
0.004192 | 67 | https://ru.wikipedia.org/wiki/%D0%9A%D0%BE%D0%BD%D1%81%D0%B5%D1%80%D0%B2%D0%B0%D1%82%D0%B8%D0%B2%D0%BD%D0%B0%D1%8F_%D1%80%D0%B5%D0%B2%D0%BE%D0%BB%D1%8E%D1%86%D0%B8%D1%8F
0.003761 | 34 | https://ru.wikipedia.org/wiki/%D0%9C%D0%B5%D1%82%D1%80%D0%BE%D0%BF%D0%BE%D0%BB%D0%B8%D1%81_(%D1%84%D0%B8%D0%BB%D1%8C%D0%BC,_1927)
0.003694 | 95 | https://ru.wikipedia.org/wiki/%D0%94%D0%B5%D0%BC%D0%BE%D0%BA%D1%80%D0%B0%D1%82%D0%B8%D1%87%D0%B5%D1%81%D0%BA%D0%B8%D0%B9_%D1%81%D0%BE%D1%86%D0%B8%D0%B0%D0%BB%D0%B8%D0%B7%D0%BC
0.002720 | 77 | https://ru.wikipedia.org/wiki/%D0%9A%D0%B5%D0%BB%D1%8C%D1%82%D1%8B
0.002638 | 91 | https://ru.wikipedia.org/wiki/%D0%9C%D0%B0%D0%BA%D0%BC%D0%B8%D0%BB%D0%BB%D0%B0%D0%BD,_%D0%AD%D0%B4%D0%B2%D0%B8%D0%BD_%D0%9C%D0%B0%D1%82%D1%82%D0%B8%D1%81%D0%BE%D0%BD
0.002278 | 28 | https://ru.wikipedia.org/wiki/%D0%A0%D0%B5%D1%80%D0%B8%D1%85,_%D0%95%D0%BB%D0%B5%D0%BD%D0%B0_%D0%98%D0%B2%D0%B0%D0%BD%D0%BE%D0%B2%D0%BD%D0%B0
Поисковый запрос: АВГУСТ ЛИКВИДАЦИЯ
Найдено документов: 55
Рейтинг | Документ | URL
------------------------
0.089576 | 4 | https://ru.wikipedia.org/wiki/Noize_MC
0.066853 | 37 | https://ru.wikipedia.org/wiki/%D0%A0%D0%A2%D0%A0
0.058263 | 38 | https://ru.wikipedia.org/wiki/1951_%D0%B3%D0%BE%D0%B4
0.047395 | 70 | https://ru.wikipedia.org/wiki/%D0%98%D0%BD%D1%86%D0%B8%D0%B4%D0%B5%D0%BD%D1%82_%D1%81_%D0%B0%D1%80%D0%B3%D0%B5%D0%BD%D1%82%D0%B8%D0%BD%D1%81%D0%BA%D0%B8%D0%BC_CL-44
0.046432 | 54 | https://ru.wikipedia.org/wiki/%D0%A1%D0%A1%D0%A1%D0%A0
0.043423 | 35 | https://ru.wikipedia.org/wiki/1836_%D0%B3%D0%BE%D0%B4
0.038239 | 32 | https://ru.wikipedia.org/wiki/%D0%93%D0%BE%D0%BB%D0%B4%D1%81%D1%82%D0%B8%D0%BD,_%D0%91%D1%80%D0%B5%D1%82%D1%82
0.032048 | 53 | https://ru.wikipedia.org/wiki/1852_%D0%B3%D0%BE%D0%B4
0.030632 | 66 | https://ru.wikipedia.org/wiki/%D0%A1%D0%A2%D0%A1_International
0.028694 | 60 | https://ru.wikipedia.org/wiki/%D0%90%D0%B2%D0%B4%D0%B5%D0%B5%D0%B2,_%D0%90%D0%BD%D1%82%D0%BE%D0%BD_%D0%A1%D0%B5%D1%80%D0%B3%D0%B5%D0%B5%D0%B2%D0%B8%D1%87
0.028037 | 40 | https://ru.wikipedia.org/wiki/%D0%A0%D0%B0%D0%B7%D1%83%D0%BC%D0%BE%D0%B2%D1%81%D0%BA%D0%B0%D1%8F,_%D0%9A%D0%B0%D1%80%D0%B8%D0%BD%D0%B0_%D0%92%D0%BB%D0%B0%D0%B4%D0%B8%D0%BC%D0%B8%D1%80%D0%BE%D0%B2%D0%BD%D0%B0
0.027938 | 18 | https://ru.wikipedia.org/wiki/%D0%9C%D0%B0%D0%BA%D0%B0%D1%80%D0%B5%D0%B2%D0%B8%D1%87,_%D0%90%D0%BD%D0%B4%D1%80%D0%B5%D0%B9_%D0%92%D0%B0%D0%B4%D0%B8%D0%BC%D0%BE%D0%B2%D0%B8%D1%87
0.021882 | 25 | https://ru.wikipedia.org/wiki/1840_%D0%B3%D0%BE%D0%B4
0.021740 | 59 | https://ru.wikipedia.org/wiki/%D0%90%D1%84%D0%B3%D0%B0%D0%BD%D1%81%D0%BA%D0%B0%D1%8F_%D0%B2%D0%BE%D0%B9%D0%BD%D0%B0_(1979%E2%80%941989)
0.021160 | 6 | https://ru.wikipedia.org/wiki/InterMedia
0.021151 | 26 | https://ru.wikipedia.org/wiki/Intermedia.ru
0.021151 | 12 | https://ru.wikipedia.org/wiki/%D0%9F%D0%BE%D0%BB%D0%BE%D0%B7%D0%BA%D0%BE%D0%B2%D0%B0,_%D0%92%D0%B5%D1%80%D0%B0_%D0%9D%D0%B8%D0%BA%D0%BE%D0%BB%D0%B0%D0%B5%D0%B2%D0%BD%D0%B0
0.020968 | 68 | https://ru.wikipedia.org/wiki/%D0%A4%D0%B5%D0%B4%D0%B5%D1%80%D0%B0%D0%BB%D1%8C%D0%BD%D0%B0%D1%8F_%D1%81%D0%BB%D1%83%D0%B6%D0%B1%D0%B0_%D0%BF%D0%BE_%D0%BD%D0%B0%D0%B4%D0%B7%D0%BE%D1%80%D1%83_%D0%B2_%D1%81%D1%84%D0%B5%D1%80%D0%B5_%D1%81%D0%B2%D1%8F%D0%B7%D0%B8,_%D0%B8%D0%BD%D1%84%D0%BE%D1%80%D0%BC%D0%B0%D1%86%D0%B8%D0%BE%D0%BD%D0%BD%D1%8B%D1%85_%D1%82%D0%B5%D1%85%D0%BD%D0%BE%D0%BB%D0%BE%D0%B3%D0%B8%D0%B9_%D0%B8_%D0%BC%D0%B0%D1%81%D1%81%D0%BE%D0%B2%D1%8B%D1%85_%D0%BA%D0%BE%D0%BC%D0%BC%D1%83%D0%BD%D0%B8%D0%BA%D0%B0%D1%86%D0%B8%D0%B9
0.020794 | 90 | https://ru.wikipedia.org/wiki/%D0%A3%D0%BA%D1%80%D0%B0%D0%B8%D0%BD%D1%81%D0%BA%D0%B0%D1%8F_%D0%BF%D1%80%D0%B0%D0%B2%D0%B4%D0%B0
0.020320 | 7 | https://ru.wikipedia.org/wiki/%D0%91%D0%B5%D0%BB%D0%B3%D0%BE%D1%80%D0%BE%D0%B4
0.015873 | 83 | https://ru.wikipedia.org/wiki/%D0%9C%D0%B5%D0%BD%D1%8C%D1%88%D0%B8%D0%BD%D1%81%D1%82%D0%B2%D0%BE
0.015827 | 80 | https://ru.wikipedia.org/wiki/%D0%91%D1%8B%D1%85%D0%BE%D0%B2
0.015737 | 84 | https://ru.wikipedia.org/wiki/%D0%9A%D0%B8%D1%81%D0%B5%D0%BB%D1%91%D0%B2,_%D0%94%D0%BC%D0%B8%D1%82%D1%80%D0%B8%D0%B9_%D0%9A%D0%BE%D0%BD%D1%81%D1%82%D0%B0%D0%BD%D1%82%D0%B8%D0%BD%D0%BE%D0%B2%D0%B8%D1%87
0.014832 | 49 | https://ru.wikipedia.org/wiki/%D0%9C%D0%BE%D1%81%D0%BA%D0%BE%D0%B2%D1%81%D0%BA%D0%B8%D0%B9_%D0%BF%D0%B5%D0%B4%D0%B0%D0%B3%D0%BE%D0%B3%D0%B8%D1%87%D0%B5%D1%81%D0%BA%D0%B8%D0%B9_%D0%B3%D0%BE%D1%81%D1%83%D0%B4%D0%B0%D1%80%D1%81%D1%82%D0%B2%D0%B5%D0%BD%D0%BD%D1%8B%D0%B9_%D1%83%D0%BD%D0%B8%D0%B2%D0%B5%D1%80%D1%81%D0%B8%D1%82%D0%B5%D1%82
0.014612 | 9 | https://ru.wikipedia.org/wiki/%D0%A8%D0%BA%D0%BE%D0%BB%D1%8C%D0%BD%D0%B0%D1%8F_%D0%BC%D0%B5%D0%B4%D0%B0%D0%BB%D1%8C
0.013459 | 81 | https://ru.wikipedia.org/wiki/%D0%97%D0%B0%D0%BF%D0%B0%D0%B4%D0%BD%D0%B0%D1%8F_%D0%A3%D0%BA%D1%80%D0%B0%D0%B8%D0%BD%D0%B0
0.013042 | 41 | https://ru.wikipedia.org/wiki/%D0%9F%D0%BE%D0%BB%D0%BE%D1%81%D0%B0%D1%82%D0%BE%D0%B5_%D1%81%D1%87%D0%B0%D1%81%D1%82%D1%8C%D0%B5_(%D1%82%D0%B5%D0%BB%D0%B5%D1%81%D0%B5%D1%80%D0%B8%D0%B0%D0%BB)
0.010988 | 99 | https://ru.wikipedia.org/wiki/%D0%A3%D1%80%D0%B0%D0%BD_(%D1%8D%D0%BB%D0%B5%D0%BC%D0%B5%D0%BD%D1%82)
0.010381 | 72 | https://ru.wikipedia.org/wiki/%D0%91%D0%BB%D0%B0%D0%B2%D0%B0%D1%82%D1%81%D0%BA%D0%B0%D1%8F,_%D0%95%D0%BB%D0%B5%D0%BD%D0%B0_%D0%9F%D0%B5%D1%82%D1%80%D0%BE%D0%B2%D0%BD%D0%B0
0.010264 | 96 | https://ru.wikipedia.org/wiki/%D0%9A%D1%8D%D1%82%D1%82,_%D0%9A%D0%B5%D1%80%D1%80%D0%B8_%D0%A7%D0%B0%D0%BF%D0%BC%D0%B5%D0%BD
0.009144 | 43 | https://ru.wikipedia.org/wiki/%D0%9F%D1%80%D0%B5%D0%BC%D0%B8%D1%8F_%D0%90%D1%81%D1%81%D0%BE%D1%86%D0%B8%D0%B0%D1%86%D0%B8%D0%B8_%D1%82%D0%B5%D0%BB%D0%B5%D0%B2%D0%B8%D0%B7%D0%B8%D0%BE%D0%BD%D0%BD%D1%8B%D1%85_%D0%BA%D1%80%D0%B8%D1%82%D0%B8%D0%BA%D0%BE%D0%B2_%D0%B7%D0%B0_%D0%BB%D0%B8%D1%87%D0%BD%D1%8B%D0%B5_%D0%B4%D0%BE%D1%81%D1%82%D0%B8%D0%B6%D0%B5%D0%BD%D0%B8%D1%8F_%D0%B2_%D0%BA%D0%BE%D0%BC%D0%B5%D0%B4%D0%B8%D0%B8
0.009101 | 58 | https://ru.wikipedia.org/wiki/%D0%9D%D0%B5%D0%BC%D0%B5%D1%86%D0%BA%D0%B8%D0%B9_%D1%8F%D0%B7%D1%8B%D0%BA
0.007937 | 31 | https://ru.wikipedia.org/wiki/%D0%91%D0%B5%D0%BD%D1%83%D0%B0,_%D0%90%D0%BB%D0%B5%D0%BD_%D0%B4%D0%B5
0.007044 | 89 | https://ru.wikipedia.org/wiki/1537
0.006768 | 42 | https://ru.wikipedia.org/wiki/%D0%A0%D0%BE%D1%81%D1%81%D0%B8%D0%B9%D1%81%D0%BA%D0%B8%D0%B9_%D1%8D%D0%BA%D0%BE%D0%BD%D0%BE%D0%BC%D0%B8%D1%87%D0%B5%D1%81%D0%BA%D0%B8%D0%B9_%D1%83%D0%BD%D0%B8%D0%B2%D0%B5%D1%80%D1%81%D0%B8%D1%82%D0%B5%D1%82_%D0%B8%D0%BC%D0%B5%D0%BD%D0%B8_%D0%93._%D0%92._%D0%9F%D0%BB%D0%B5%D1%85%D0%B0%D0%BD%D0%BE%D0%B2%D0%B0
0.006576 | 98 | https://ru.wikipedia.org/wiki/%D0%90%D0%B3%D0%B0%D0%B4%D0%B8%D0%BB%D0%BE%D0%B2%D0%B0,_%D0%90%D0%BB%D0%B8%D1%8F_%D0%91%D0%B5%D0%BA%D0%B1%D0%BE%D0%BB%D0%B0%D1%82%D0%BE%D0%B2%D0%BD%D0%B0
0.006554 | 46 | https://ru.wikipedia.org/wiki/%D0%94%D0%B5%D0%B2%D1%81%D1%82%D0%B2%D0%B5%D0%BD%D0%BD%D0%B8%D1%86%D0%B0_%D0%94%D0%B6%D0%B5%D0%B9%D0%BD
0.006477 | 45 | https://ru.wikipedia.org/wiki/%D0%9F%D1%80%D0%B5%D0%BC%D0%B8%D1%8F_%D0%90%D1%81%D1%81%D0%BE%D1%86%D0%B8%D0%B0%D1%86%D0%B8%D0%B8_%D1%82%D0%B5%D0%BB%D0%B5%D0%B2%D0%B8%D0%B7%D0%B8%D0%BE%D0%BD%D0%BD%D1%8B%D1%85_%D0%BA%D1%80%D0%B8%D1%82%D0%B8%D0%BA%D0%BE%D0%B2_%D0%B7%D0%B0_%D0%B2%D1%8B%D0%B4%D0%B0%D1%8E%D1%89%D0%B8%D0%B5%D1%81%D1%8F_%D0%B4%D0%BE%D1%81%D1%82%D0%B8%D0%B6%D0%B5%D0%BD%D0%B8%D1%8F_%D0%B2_%D0%B4%D1%80%D0%B0%D0%BC%D0%B5
0.006297 | 63 | https://ru.wikipedia.org/wiki/%D0%90%D0%B4%D0%B4%D0%B0%D0%BC%D1%81,_%D0%94%D0%B6%D0%B5%D0%B9%D0%BD
0.006269 | 69 | https://ru.wikipedia.org/wiki/%D0%92%D0%B5%D1%81%D1%82%D0%B8.%D1%80%D1%83
0.006173 | 44 | https://ru.wikipedia.org/wiki/%D0%93%D0%BB%D0%B5%D0%BD%D0%BD_%D0%A1%D0%B8%D0%B1%D0%BE%D1%80%D0%B3
0.005549 | 100 | https://ru.wikipedia.org/wiki/%D0%9D%D0%B8%D0%BA%D1%81%D0%BE%D0%BD_(%D1%84%D0%B8%D0%BB%D1%8C%D0%BC)
0.005225 | 88 | https://ru.wikipedia.org/wiki/%D0%91%D0%B0%D0%BA%D0%B0%D0%BB%D0%B0%D0%B2%D1%80
0.004736 | 30 | https://ru.wikipedia.org/wiki/%D0%9F%D0%B8%D1%80%D1%81,_%D0%94%D1%8D%D0%B2%D0%B8%D0%B4_%D0%A5%D0%B0%D0%B9%D0%B4
0.004712 | 87 | https://ru.wikipedia.org/wiki/%D0%9F%D1%8F%D1%80%D1%82,_%D0%90%D1%80%D0%B2%D0%BE_%D0%90%D0%B2%D0%B3%D1%83%D1%81%D1%82%D0%BE%D0%B2%D0%B8%D1%87
0.004403 | 52 | https://ru.wikipedia.org/wiki/%D0%90%D0%BB%D0%B5%D0%BA%D1%81%D0%B0%D0%BD%D0%B4%D1%80_%D0%92%D0%BB%D0%B0%D0%B4%D0%B8%D0%BC%D0%B8%D1%80%D0%BE%D0%B2%D0%B8%D1%87_%D0%98%D0%B2%D0%B0%D0%BD%D0%B8%D1%86%D0%BA%D0%B8%D0%B9
0.004293 | 51 | https://ru.wikipedia.org/wiki/VPN
0.004013 | 21 | https://ru.wikipedia.org/wiki/21_%D0%BC%D0%B0%D1%8F
0.003476 | 86 | https://ru.wikipedia.org/wiki/%D0%90%D0%BD%D0%B4%D1%80%D1%83%D1%81%D0%B5%D0%BD%D0%BA%D0%BE,_%D0%A1%D1%82%D0%B5%D1%84%D0%B0%D0%BD_%D0%90%D0%BD%D0%B0%D0%BD%D1%8C%D0%B5%D0%B2%D0%B8%D1%87
0.002964 | 67 | https://ru.wikipedia.org/wiki/%D0%9A%D0%BE%D0%BD%D1%81%D0%B5%D1%80%D0%B2%D0%B0%D1%82%D0%B8%D0%B2%D0%BD%D0%B0%D1%8F_%D1%80%D0%B5%D0%B2%D0%BE%D0%BB%D1%8E%D1%86%D0%B8%D1%8F
0.002659 | 34 | https://ru.wikipedia.org/wiki/%D0%9C%D0%B5%D1%82%D1%80%D0%BE%D0%BF%D0%BE%D0%BB%D0%B8%D1%81_(%D1%84%D0%B8%D0%BB%D1%8C%D0%BC,_1927)
0.002612 | 95 | https://ru.wikipedia.org/wiki/%D0%94%D0%B5%D0%BC%D0%BE%D0%BA%D1%80%D0%B0%D1%82%D0%B8%D1%87%D0%B5%D1%81%D0%BA%D0%B8%D0%B9_%D1%81%D0%BE%D1%86%D0%B8%D0%B0%D0%BB%D0%B8%D0%B7%D0%BC
0.001923 | 77 | https://ru.wikipedia.org/wiki/%D0%9A%D0%B5%D0%BB%D1%8C%D1%82%D1%8B
0.001865 | 91 | https://ru.wikipedia.org/wiki/%D0%9C%D0%B0%D0%BA%D0%BC%D0%B8%D0%BB%D0%BB%D0%B0%D0%BD,_%D0%AD%D0%B4%D0%B2%D0%B8%D0%BD_%D0%9C%D0%B0%D1%82%D1%82%D0%B8%D1%81%D0%BE%D0%BD
0.001611 | 28 | https://ru.wikipedia.org/wiki/%D0%A0%D0%B5%D1%80%D0%B8%D1%85,_%D0%95%D0%BB%D0%B5%D0%BD%D0%B0_%D0%98%D0%B2%D0%B0%D0%BD%D0%BE%D0%B2%D0%BD%D0%B0
Поисковый запрос: АВГУСТ ЛИКВИДАЦИЯ МЮЗИКЛ
Найдено документов: 64
Рейтинг | Документ | URL
------------------------
0.227847 | 60 | https://ru.wikipedia.org/wiki/%D0%90%D0%B2%D0%B4%D0%B5%D0%B5%D0%B2,_%D0%90%D0%BD%D1%82%D0%BE%D0%BD_%D0%A1%D0%B5%D1%80%D0%B3%D0%B5%D0%B5%D0%B2%D0%B8%D1%87
0.216123 | 98 | https://ru.wikipedia.org/wiki/%D0%90%D0%B3%D0%B0%D0%B4%D0%B8%D0%BB%D0%BE%D0%B2%D0%B0,_%D0%90%D0%BB%D0%B8%D1%8F_%D0%91%D0%B5%D0%BA%D0%B1%D0%BE%D0%BB%D0%B0%D1%82%D0%BE%D0%B2%D0%BD%D0%B0
0.088333 | 4 | https://ru.wikipedia.org/wiki/Noize_MC
0.080030 | 71 | https://okolo.me/2014/12/anton-avdeev-ya-starayus-vse-delat-s-polnoj-otdachej/
0.058475 | 23 | https://ru.wikipedia.org/wiki/%D0%90%D0%BB%D0%B5%D0%BA%D1%81%D0%B0%D0%BD%D0%B4%D0%B5%D1%80,_%D0%94%D0%B6%D0%B5%D0%B9%D1%81%D0%BE%D0%BD
0.054585 | 37 | https://ru.wikipedia.org/wiki/%D0%A0%D0%A2%D0%A0
0.047572 | 38 | https://ru.wikipedia.org/wiki/1951_%D0%B3%D0%BE%D0%B4
0.041811 | 30 | https://ru.wikipedia.org/wiki/%D0%9F%D0%B8%D1%80%D1%81,_%D0%94%D1%8D%D0%B2%D0%B8%D0%B4_%D0%A5%D0%B0%D0%B9%D0%B4
0.038698 | 70 | https://ru.wikipedia.org/wiki/%D0%98%D0%BD%D1%86%D0%B8%D0%B4%D0%B5%D0%BD%D1%82_%D1%81_%D0%B0%D1%80%D0%B3%D0%B5%D0%BD%D1%82%D0%B8%D0%BD%D1%81%D0%BA%D0%B8%D0%BC_CL-44
0.037912 | 54 | https://ru.wikipedia.org/wiki/%D0%A1%D0%A1%D0%A1%D0%A0
0.035455 | 35 | https://ru.wikipedia.org/wiki/1836_%D0%B3%D0%BE%D0%B4
0.031222 | 32 | https://ru.wikipedia.org/wiki/%D0%93%D0%BE%D0%BB%D0%B4%D1%81%D1%82%D0%B8%D0%BD,_%D0%91%D1%80%D0%B5%D1%82%D1%82
0.026167 | 53 | https://ru.wikipedia.org/wiki/1852_%D0%B3%D0%BE%D0%B4
0.025011 | 66 | https://ru.wikipedia.org/wiki/%D0%A1%D0%A2%D0%A1_International
0.022892 | 40 | https://ru.wikipedia.org/wiki/%D0%A0%D0%B0%D0%B7%D1%83%D0%BC%D0%BE%D0%B2%D1%81%D0%BA%D0%B0%D1%8F,_%D0%9A%D0%B0%D1%80%D0%B8%D0%BD%D0%B0_%D0%92%D0%BB%D0%B0%D0%B4%D0%B8%D0%BC%D0%B8%D1%80%D0%BE%D0%B2%D0%BD%D0%B0
0.022811 | 18 | https://ru.wikipedia.org/wiki/%D0%9C%D0%B0%D0%BA%D0%B0%D1%80%D0%B5%D0%B2%D0%B8%D1%87,_%D0%90%D0%BD%D0%B4%D1%80%D0%B5%D0%B9_%D0%92%D0%B0%D0%B4%D0%B8%D0%BC%D0%BE%D0%B2%D0%B8%D1%87
0.018478 | 15 | https://web.archive.org/web/20190422084652/https%3A//www.intermedia.ru/news/334734
0.018423 | 11 | https://web.archive.org/web/20190422084652/https%3A//www.intermedia.ru/news/334764
0.018229 | 61 | https://web.archive.org/web/20190422084652/https%3A//www.intermedia.ru/news/334743
0.018224 | 20 | https://web.archive.org/web/20190420152203/https%3A//www.intermedia.ru/news/334779
0.018020 | 56 | https://web.archive.org/web/20190420152206/https%3A//www.intermedia.ru/news/334721
0.018008 | 62 | https://web.archive.org/web/20190420152206/https%3A//www.intermedia.ru/news/334746
0.017991 | 19 | https://web.archive.org/web/20190420152207/https%3A//www.intermedia.ru/news/334707
0.017867 | 25 | https://ru.wikipedia.org/wiki/1840_%D0%B3%D0%BE%D0%B4
0.017794 | 84 | https://ru.wikipedia.org/wiki/%D0%9A%D0%B8%D1%81%D0%B5%D0%BB%D1%91%D0%B2,_%D0%94%D0%BC%D0%B8%D1%82%D1%80%D0%B8%D0%B9_%D0%9A%D0%BE%D0%BD%D1%81%D1%82%D0%B0%D0%BD%D1%82%D0%B8%D0%BD%D0%BE%D0%B2%D0%B8%D1%87
0.017751 | 59 | https://ru.wikipedia.org/wiki/%D0%90%D1%84%D0%B3%D0%B0%D0%BD%D1%81%D0%BA%D0%B0%D1%8F_%D0%B2%D0%BE%D0%B9%D0%BD%D0%B0_(1979%E2%80%941989)
0.017277 | 6 | https://ru.wikipedia.org/wiki/InterMedia
0.017270 | 26 | https://ru.wikipedia.org/wiki/Intermedia.ru
0.017270 | 12 | https://ru.wikipedia.org/wiki/%D0%9F%D0%BE%D0%BB%D0%BE%D0%B7%D0%BA%D0%BE%D0%B2%D0%B0,_%D0%92%D0%B5%D1%80%D0%B0_%D0%9D%D0%B8%D0%BA%D0%BE%D0%BB%D0%B0%D0%B5%D0%B2%D0%BD%D0%B0
0.017120 | 68 | https://ru.wikipedia.org/wiki/%D0%A4%D0%B5%D0%B4%D0%B5%D1%80%D0%B0%D0%BB%D1%8C%D0%BD%D0%B0%D1%8F_%D1%81%D0%BB%D1%83%D0%B6%D0%B1%D0%B0_%D0%BF%D0%BE_%D0%BD%D0%B0%D0%B4%D0%B7%D0%BE%D1%80%D1%83_%D0%B2_%D1%81%D1%84%D0%B5%D1%80%D0%B5_%D1%81%D0%B2%D1%8F%D0%B7%D0%B8,_%D0%B8%D0%BD%D1%84%D0%BE%D1%80%D0%BC%D0%B0%D1%86%D0%B8%D0%BE%D0%BD%D0%BD%D1%8B%D1%85_%D1%82%D0%B5%D1%85%D0%BD%D0%BE%D0%BB%D0%BE%D0%B3%D0%B8%D0%B9_%D0%B8_%D0%BC%D0%B0%D1%81%D1%81%D0%BE%D0%B2%D1%8B%D1%85_%D0%BA%D0%BE%D0%BC%D0%BC%D1%83%D0%BD%D0%B8%D0%BA%D0%B0%D1%86%D0%B8%D0%B9
0.016978 | 90 | https://ru.wikipedia.org/wiki/%D0%A3%D0%BA%D1%80%D0%B0%D0%B8%D0%BD%D1%81%D0%BA%D0%B0%D1%8F_%D0%BF%D1%80%D0%B0%D0%B2%D0%B4%D0%B0
0.016591 | 7 | https://ru.wikipedia.org/wiki/%D0%91%D0%B5%D0%BB%D0%B3%D0%BE%D1%80%D0%BE%D0%B4
0.012960 | 83 | https://ru.wikipedia.org/wiki/%D0%9C%D0%B5%D0%BD%D1%8C%D1%88%D0%B8%D0%BD%D1%81%D1%82%D0%B2%D0%BE
0.012923 | 80 | https://ru.wikipedia.org/wiki/%D0%91%D1%8B%D1%85%D0%BE%D0%B2
0.012111 | 49 | https://ru.wikipedia.org/wiki/%D0%9C%D0%BE%D1%81%D0%BA%D0%BE%D0%B2%D1%81%D0%BA%D0%B8%D0%B9_%D0%BF%D0%B5%D0%B4%D0%B0%D0%B3%D0%BE%D0%B3%D0%B8%D1%87%D0%B5%D1%81%D0%BA%D0%B8%D0%B9_%D0%B3%D0%BE%D1%81%D1%83%D0%B4%D0%B0%D1%80%D1%81%D1%82%D0%B2%D0%B5%D0%BD%D0%BD%D1%8B%D0%B9_%D1%83%D0%BD%D0%B8%D0%B2%D0%B5%D1%80%D1%81%D0%B8%D1%82%D0%B5%D1%82
0.011930 | 9 | https://ru.wikipedia.org/wiki/%D0%A8%D0%BA%D0%BE%D0%BB%D1%8C%D0%BD%D0%B0%D1%8F_%D0%BC%D0%B5%D0%B4%D0%B0%D0%BB%D1%8C
0.010989 | 81 | https://ru.wikipedia.org/wiki/%D0%97%D0%B0%D0%BF%D0%B0%D0%B4%D0%BD%D0%B0%D1%8F_%D0%A3%D0%BA%D1%80%D0%B0%D0%B8%D0%BD%D0%B0
0.010649 | 41 | https://ru.wikipedia.org/wiki/%D0%9F%D0%BE%D0%BB%D0%BE%D1%81%D0%B0%D1%82%D0%BE%D0%B5_%D1%81%D1%87%D0%B0%D1%81%D1%82%D1%8C%D0%B5_(%D1%82%D0%B5%D0%BB%D0%B5%D1%81%D0%B5%D1%80%D0%B8%D0%B0%D0%BB)
0.008972 | 99 | https://ru.wikipedia.org/wiki/%D0%A3%D1%80%D0%B0%D0%BD_(%D1%8D%D0%BB%D0%B5%D0%BC%D0%B5%D0%BD%D1%82)
0.008476 | 72 | https://ru.wikipedia.org/wiki/%D0%91%D0%BB%D0%B0%D0%B2%D0%B0%D1%82%D1%81%D0%BA%D0%B0%D1%8F,_%D0%95%D0%BB%D0%B5%D0%BD%D0%B0_%D0%9F%D0%B5%D1%82%D1%80%D0%BE%D0%B2%D0%BD%D0%B0
0.008380 | 96 | https://ru.wikipedia.org/wiki/%D0%9A%D1%8D%D1%82%D1%82,_%D0%9A%D0%B5%D1%80%D1%80%D0%B8_%D0%A7%D0%B0%D0%BF%D0%BC%D0%B5%D0%BD
0.007466 | 43 | https://ru.wikipedia.org/wiki/%D0%9F%D1%80%D0%B5%D0%BC%D0%B8%D1%8F_%D0%90%D1%81%D1%81%D0%BE%D1%86%D0%B8%D0%B0%D1%86%D0%B8%D0%B8_%D1%82%D0%B5%D0%BB%D0%B5%D0%B2%D0%B8%D0%B7%D0%B8%D0%BE%D0%BD%D0%BD%D1%8B%D1%85_%D0%BA%D1%80%D0%B8%D1%82%D0%B8%D0%BA%D0%BE%D0%B2_%D0%B7%D0%B0_%D0%BB%D0%B8%D1%87%D0%BD%D1%8B%D0%B5_%D0%B4%D0%BE%D1%81%D1%82%D0%B8%D0%B6%D0%B5%D0%BD%D0%B8%D1%8F_%D0%B2_%D0%BA%D0%BE%D0%BC%D0%B5%D0%B4%D0%B8%D0%B8
0.007431 | 58 | https://ru.wikipedia.org/wiki/%D0%9D%D0%B5%D0%BC%D0%B5%D1%86%D0%BA%D0%B8%D0%B9_%D1%8F%D0%B7%D1%8B%D0%BA
0.006480 | 31 | https://ru.wikipedia.org/wiki/%D0%91%D0%B5%D0%BD%D1%83%D0%B0,_%D0%90%D0%BB%D0%B5%D0%BD_%D0%B4%D0%B5
0.005752 | 89 | https://ru.wikipedia.org/wiki/1537
0.005526 | 42 | https://ru.wikipedia.org/wiki/%D0%A0%D0%BE%D1%81%D1%81%D0%B8%D0%B9%D1%81%D0%BA%D0%B8%D0%B9_%D1%8D%D0%BA%D0%BE%D0%BD%D0%BE%D0%BC%D0%B8%D1%87%D0%B5%D1%81%D0%BA%D0%B8%D0%B9_%D1%83%D0%BD%D0%B8%D0%B2%D0%B5%D1%80%D1%81%D0%B8%D1%82%D0%B5%D1%82_%D0%B8%D0%BC%D0%B5%D0%BD%D0%B8_%D0%93._%D0%92._%D0%9F%D0%BB%D0%B5%D1%85%D0%B0%D0%BD%D0%BE%D0%B2%D0%B0
0.005352 | 46 | https://ru.wikipedia.org/wiki/%D0%94%D0%B5%D0%B2%D1%81%D1%82%D0%B2%D0%B5%D0%BD%D0%BD%D0%B8%D1%86%D0%B0_%D0%94%D0%B6%D0%B5%D0%B9%D0%BD
0.005289 | 45 | https://ru.wikipedia.org/wiki/%D0%9F%D1%80%D0%B5%D0%BC%D0%B8%D1%8F_%D0%90%D1%81%D1%81%D0%BE%D1%86%D0%B8%D0%B0%D1%86%D0%B8%D0%B8_%D1%82%D0%B5%D0%BB%D0%B5%D0%B2%D0%B8%D0%B7%D0%B8%D0%BE%D0%BD%D0%BD%D1%8B%D1%85_%D0%BA%D1%80%D0%B8%D1%82%D0%B8%D0%BA%D0%BE%D0%B2_%D0%B7%D0%B0_%D0%B2%D1%8B%D0%B4%D0%B0%D1%8E%D1%89%D0%B8%D0%B5%D1%81%D1%8F_%D0%B4%D0%BE%D1%81%D1%82%D0%B8%D0%B6%D0%B5%D0%BD%D0%B8%D1%8F_%D0%B2_%D0%B4%D1%80%D0%B0%D0%BC%D0%B5
0.005141 | 63 | https://ru.wikipedia.org/wiki/%D0%90%D0%B4%D0%B4%D0%B0%D0%BC%D1%81,_%D0%94%D0%B6%D0%B5%D0%B9%D0%BD
0.005118 | 69 | https://ru.wikipedia.org/wiki/%D0%92%D0%B5%D1%81%D1%82%D0%B8.%D1%80%D1%83
0.005040 | 44 | https://ru.wikipedia.org/wiki/%D0%93%D0%BB%D0%B5%D0%BD%D0%BD_%D0%A1%D0%B8%D0%B1%D0%BE%D1%80%D0%B3
0.004531 | 100 | https://ru.wikipedia.org/wiki/%D0%9D%D0%B8%D0%BA%D1%81%D0%BE%D0%BD_(%D1%84%D0%B8%D0%BB%D1%8C%D0%BC)
0.004266 | 88 | https://ru.wikipedia.org/wiki/%D0%91%D0%B0%D0%BA%D0%B0%D0%BB%D0%B0%D0%B2%D1%80
0.003848 | 87 | https://ru.wikipedia.org/wiki/%D0%9F%D1%8F%D1%80%D1%82,_%D0%90%D1%80%D0%B2%D0%BE_%D0%90%D0%B2%D0%B3%D1%83%D1%81%D1%82%D0%BE%D0%B2%D0%B8%D1%87
0.003595 | 52 | https://ru.wikipedia.org/wiki/%D0%90%D0%BB%D0%B5%D0%BA%D1%81%D0%B0%D0%BD%D0%B4%D1%80_%D0%92%D0%BB%D0%B0%D0%B4%D0%B8%D0%BC%D0%B8%D1%80%D0%BE%D0%B2%D0%B8%D1%87_%D0%98%D0%B2%D0%B0%D0%BD%D0%B8%D1%86%D0%BA%D0%B8%D0%B9
0.003505 | 51 | https://ru.wikipedia.org/wiki/VPN
0.003277 | 21 | https://ru.wikipedia.org/wiki/21_%D0%BC%D0%B0%D1%8F
0.002838 | 86 | https://ru.wikipedia.org/wiki/%D0%90%D0%BD%D0%B4%D1%80%D1%83%D1%81%D0%B5%D0%BD%D0%BA%D0%BE,_%D0%A1%D1%82%D0%B5%D1%84%D0%B0%D0%BD_%D0%90%D0%BD%D0%B0%D0%BD%D1%8C%D0%B5%D0%B2%D0%B8%D1%87
0.002420 | 67 | https://ru.wikipedia.org/wiki/%D0%9A%D0%BE%D0%BD%D1%81%D0%B5%D1%80%D0%B2%D0%B0%D1%82%D0%B8%D0%B2%D0%BD%D0%B0%D1%8F_%D1%80%D0%B5%D0%B2%D0%BE%D0%BB%D1%8E%D1%86%D0%B8%D1%8F
0.002171 | 34 | https://ru.wikipedia.org/wiki/%D0%9C%D0%B5%D1%82%D1%80%D0%BE%D0%BF%D0%BE%D0%BB%D0%B8%D1%81_(%D1%84%D0%B8%D0%BB%D1%8C%D0%BC,_1927)
0.002133 | 95 | https://ru.wikipedia.org/wiki/%D0%94%D0%B5%D0%BC%D0%BE%D0%BA%D1%80%D0%B0%D1%82%D0%B8%D1%87%D0%B5%D1%81%D0%BA%D0%B8%D0%B9_%D1%81%D0%BE%D1%86%D0%B8%D0%B0%D0%BB%D0%B8%D0%B7%D0%BC
0.001570 | 77 | https://ru.wikipedia.org/wiki/%D0%9A%D0%B5%D0%BB%D1%8C%D1%82%D1%8B
0.001523 | 91 | https://ru.wikipedia.org/wiki/%D0%9C%D0%B0%D0%BA%D0%BC%D0%B8%D0%BB%D0%BB%D0%B0%D0%BD,_%D0%AD%D0%B4%D0%B2%D0%B8%D0%BD_%D0%9C%D0%B0%D1%82%D1%82%D0%B8%D1%81%D0%BE%D0%BD
0.001315 | 28 | https://ru.wikipedia.org/wiki/%D0%A0%D0%B5%D1%80%D0%B8%D1%85,_%D0%95%D0%BB%D0%B5%D0%BD%D0%B0_%D0%98%D0%B2%D0%B0%D0%BD%D0%BE%D0%B2%D0%BD%D0%B0
